#
# A fatal error has been detected by the Java Runtime Environment:
#
#  EXCEPTION_ACCESS_VIOLATION (0xc0000005) at pc=0x00007ffc453126c4, pid=8232, tid=6512
#
# JRE version: OpenJDK Runtime Environment (24.0.1+9) (build 24.0.1+9-30)
# Java VM: OpenJDK 64-Bit Server VM (24.0.1+9-30, mixed mode, sharing, tiered, compressed oops, compressed class ptrs, g1 gc, windows-amd64)
# Problematic frame:
# C  [libasyncProfiler.dll+0x926c4]
#
# No core dump will be written. Minidumps are not enabled by default on client versions of Windows
#
# JFR recording file will be written. Location: C:\Users\adria\IdeaProjects\hospital_3\hs_err_pid8232.jfr
#
# If you would like to submit a bug report, please visit:
#   https://bugreport.java.com/bugreport/crash.jsp
# The crash happened outside the Java Virtual Machine in native code.
# See problematic frame for where to report the bug.
#

---------------  S U M M A R Y ------------

Command Line: -javaagent:C:\Users\adria\AppData\Local\JetBrains\IntelliJIdea2025.1\captureAgent\debugger-agent.jar=file:///C:/Users/adria/AppData/Local/Temp/capture15622877820386750462.props -ea -Didea.test.cyclic.buffer.size=1048576 -javaagent:C:\Program Files (x86)\JetBrains\IntelliJ IDEA 2025.1.1.1\lib\idea_rt.jar=56423 -Dkotlinx.coroutines.debug.enable.creation.stack.trace=false -Ddebugger.agent.enable.coroutines=true -Dkotlinx.coroutines.debug.enable.flows.stack.trace=true -Dkotlinx.coroutines.debug.enable.mutable.state.flows.stack.trace=true -agentpath:C:\Users\adria\AppData\Local\Temp\idea_libasyncProfiler_dll_temp_folder\libasyncProfiler.dll=start,jfr,event=wall,interval=10ms,jfrsync=profile,cstack=no,file=C:\Users\adria\IdeaSnapshots\CamaDAOTest_2025_05_25_173323.jfr,dbghelppath=C:\Users\adria\AppData\Local\Temp\idea_dbghelp_dll_temp_folder\dbghelp.dll,log=C:\Users\adria\AppData\Local\Temp\CamaDAOTest_2025_05_25_173323.jfr.log.txt,logLevel=DEBUG -Dfile.encoding=UTF-8 -Dsun.stdout.encoding=UTF-8 -Dsun.stderr.encoding=UTF-8 com.intellij.rt.junit.JUnitStarter -ideVersion5 -junit5 DAOTests.CamaDAOTest

Host: Intel(R) Core(TM) i7-10510U CPU @ 1.80GHz, 8 cores, 15G,  Windows 11 , 64 bit Build 26100 (10.0.26100.3912)
Time: Sun May 25 17:33:23 2025 Hora de verano romance elapsed time: 0.637901 seconds (0d 0h 0m 0s)

---------------  T H R E A D  ---------------

Current thread (0x000001ade2fb3c70):  JavaThread "main"             [_thread_in_native, id=6512, stack(0x000000182b600000,0x000000182b700000) (1024K)]

Stack: [0x000000182b600000,0x000000182b700000],  sp=0x000000182b6fe830,  free space=1018k
Native frames: (J=compiled Java code, j=interpreted, Vv=VM code, C=native code)
C  [libasyncProfiler.dll+0x926c4]  (no source info available)
C  [libasyncProfiler.dll+0x92b9b]  (no source info available)
C  [libasyncProfiler.dll+0x917f4]  (no source info available)
C  [libasyncProfiler.dll+0x9206a]  (no source info available)
C  [libasyncProfiler.dll+0x8cc21]  (no source info available)
C  [libasyncProfiler.dll+0x7e5e1]  (no source info available)
C  [libasyncProfiler.dll+0x7d2f8]  (no source info available)
C  [libasyncProfiler.dll+0x7d1e0]  (no source info available)
C  [libasyncProfiler.dll+0x832fc]  (no source info available)
V  [jvm.dll+0x5e38de]  (no source info available)
V  [jvm.dll+0x886056]  (no source info available)
V  [jvm.dll+0x495f3e]  (no source info available)
V  [jvm.dll+0x497d11]  (no source info available)
C  [jli.dll+0x52a1]  (no source info available)
C  [ucrtbase.dll+0x37b0]  (no source info available)
C  [KERNEL32.DLL+0x2e8d7]  (no source info available)
C  [ntdll.dll+0x9c5dc]  (no source info available)


siginfo: EXCEPTION_ACCESS_VIOLATION (0xc0000005), reading address 0xffffffffffffffff


Registers:
RAX=0x0000000000000010, RBX=0x0000000000000000, RCX=0xffffffffffffffff, RDX=0x007ffc2399300010
RSP=0x000000182b6fe830, RBP=0x000001adc558d868, RSI=0x000000182b6fe9a0, RDI=0x000001adc558d868
R8 =0x0000000000000042, R9 =0x0000000712e01ed8, R10=0x00007ffc23c09fb0, R11=0x0000000000000004
R12=0x000000182b6fe9a0, R13=0x000001ade1689ef0, R14=0x000001ade2fb4038, R15=0x000001ade2fb4038
RIP=0x00007ffc453126c4, EFLAGS=0x0000000000010202

XMM[0]=0x0000000000000000 0x0000000000000000
XMM[1]=0x0000000000000000 0x0000000000000000
XMM[2]=0x0000000000000000 0x0000000000000000
XMM[3]=0x0000000000000000 0x0000000000000000
XMM[4]=0x0000000000000000 0x0000000000000000
XMM[5]=0x0000000000000000 0x0000000000000000
XMM[6]=0x0000000000000000 0x0000000000000000
XMM[7]=0x0000000000000000 0x0000000000000000
XMM[8]=0x0000000000000000 0x0000000000000000
XMM[9]=0x0000000000000000 0x0000000000000000
XMM[10]=0x0000000000000000 0x0000000000000000
XMM[11]=0x0000000000000000 0x0000000000000000
XMM[12]=0x0000000000000000 0x0000000000000000
XMM[13]=0x0000000000000000 0x0000000000000000
XMM[14]=0x0000000000000000 0x0000000000000000
XMM[15]=0x0000000000000000 0x0000000000000000
  MXCSR=0x00001fa0


Register to memory mapping:

RAX=0x0000000000000010 is an unknown value
RBX=0x0 is null
RCX=0xffffffffffffffff is an unknown value
RDX=0x007ffc2399300010 is an unknown value
RSP=0x000000182b6fe830 is pointing into the stack for thread: 0x000001ade2fb3c70
RBP=0x000001adc558d868 points into unknown readable memory: 0x0000000712e01ed8 | d8 1e e0 12 07 00 00 00
RSI=0x000000182b6fe9a0 is pointing into the stack for thread: 0x000001ade2fb3c70
RDI=0x000001adc558d868 points into unknown readable memory: 0x0000000712e01ed8 | d8 1e e0 12 07 00 00 00
R8 =0x0000000000000042 is an unknown value
R9 =0x0000000712e01ed8 is an oop: java.lang.Thread 
{0x0000000712e01ed8} - klass: 'java/lang/Thread' - flags: 

 - ---- fields (total size 14 words):
 - 'threadLocalRandomProbe' 'I' @12  0 (0x00000000)
 - private volatile 'eetop' 'J' @16  1846349085808 (0x000001ade2fb3c70)
 - private final 'tid' 'J' @24  3 (0x0000000000000003)
 - 'threadLocalRandomSeed' 'J' @32  0 (0x0000000000000000)
 - injected 'jvmti_thread_state' 'J' @40  1845847890960 (0x000001adc51b9c10)
 - 'threadLocalRandomSecondarySeed' 'I' @48  0 (0x00000000)
 - injected 'jvmti_VTMS_transition_disable_count' 'I' @52  0 (0x00000000)
 - injected 'jfr_epoch' 'S' @56  0 (0x0000)
 - volatile 'interrupted' 'Z' @58  false (0x00)
 - injected 'jvmti_is_in_VTMS_transition' 'Z' @59  false (0x00)
 - private volatile 'name' 'Ljava/lang/String;' @60  "main"{0x0000000712e01f48} (0xe25c03e9)
 - private volatile 'contextClassLoader' 'Ljava/lang/ClassLoader;' @64  a 'jdk/internal/loader/ClassLoaders$AppClassLoader'{0x0000000712e1fff8} (0xe25c3fff)
 - private final 'holder' 'Ljava/lang/Thread$FieldHolder;' @68  a 'java/lang/Thread$FieldHolder'{0x0000000712e01f88} (0xe25c03f1)
 - 'threadLocals' 'Ljava/lang/ThreadLocal$ThreadLocalMap;' @72  a 'java/lang/ThreadLocal$ThreadLocalMap'{0x0000000712afec70} (0xe255fd8e)
 - 'inheritableThreadLocals' 'Ljava/lang/ThreadLocal$ThreadLocalMap;' @76  null (0x00000000)
 - private 'scopedValueBindings' 'Ljava/lang/Object;' @80  a 'java/lang/Class'{0x00000007ffe7c258} = 'java/lang/Thread' (0xfffcf84b)
 - final 'interruptLock' 'Ljava/lang/Object;' @84  a 'java/lang/Object'{0x0000000712e01f78} (0xe25c03ef)
 - private volatile 'parkBlocker' 'Ljava/lang/Object;' @88  null (0x00000000)
 - private 'nioBlocker' 'Lsun/nio/ch/Interruptible;' @92  null (0x00000000)
 - private 'cont' 'Ljdk/internal/vm/Continuation;' @96  null (0x00000000)
 - private volatile 'uncaughtExceptionHandler' 'Ljava/lang/Thread$UncaughtExceptionHandler;' @100  null (0x00000000)
 - private 'container' 'Ljdk/internal/vm/ThreadContainer;' @104  null (0x00000000)
 - private volatile 'headStackableScopes' 'Ljdk/internal/vm/StackableScope;' @108  null (0x00000000)
R10=0x00007ffc23c09fb0 jvm.dll
R11=0x0000000000000004 is an unknown value
R12=0x000000182b6fe9a0 is pointing into the stack for thread: 0x000001ade2fb3c70
R13=0x000001ade1689ef0 points into unknown readable memory: 0x00007ffc23b7a510 | 10 a5 b7 23 fc 7f 00 00
R14=0x000001ade2fb4038 points into unknown readable memory: 0x00007ffc23b717b0 | b0 17 b7 23 fc 7f 00 00
R15=0x000001ade2fb4038 points into unknown readable memory: 0x00007ffc23b717b0 | b0 17 b7 23 fc 7f 00 00

Top of Stack: (sp=0x000000182b6fe830)
0x000000182b6fe830:   000000182b6fe9a0 000001adc558d868   ..o+....h.X.....
0x000000182b6fe840:   0000000000000000 000001ade306e8b0   ................
0x000000182b6fe850:   000000000000001b 00007ffc45312b9b   .........+1E....
0x000000182b6fe860:   0000000000000000 000001ade2fb4038   ........8@......
0x000000182b6fe870:   000000182b6fe901 0000000000000000   ..o+............
0x000000182b6fe880:   000001adcb3f0df0 00007ffc453117f4   ..?.......1E....
0x000000182b6fe890:   0000000000000000 000000000000001b   ................
0x000000182b6fe8a0:   0000000000000000 000000000000001b   ................
0x000000182b6fe8b0:   0000000a00000002 000001adcb2c5b60   ........`[,.....
0x000000182b6fe8c0:   000001adcb3f0df0 000001adcb3f0e5c   ..?.....\.?.....
0x000000182b6fe8d0:   000001adcb3f0e60 00000000000016cc   `.?.............
0x000000182b6fe8e0:   0000000000000000 0000000000000000   ................
0x000000182b6fe8f0:   0000000000000000 00007ffc233d57d4   .........W=#....
0x000000182b6fe900:   00007ffc45454ca0 0000000000002028   .LEE....( ......
0x000000182b6fe910:   00007ffc45454ca0 00000000ffffffff   .LEE............
0x000000182b6fe920:   0000000000000000 00007ffc4531206a   ........j 1E....
0x000000182b6fe930:   000001ade2fb4038 0000000000000000   8@..............
0x000000182b6fe940:   000000182b6fe9a9 000001ade1689ef0   ..o+......h.....
0x000000182b6fe950:   000001adc5d24040 000001ade1590000   @@........Y.....
0x000000182b6fe960:   000001adc5d24040 00007ffc9b1c9fc9   @@..............
0x000000182b6fe970:   000001ade2fb4038 00007ffc45454ca0   8@.......LEE....
0x000000182b6fe980:   00007ffc453ff0d8 00007ffc453ff0c8   ..?E......?E....
0x000000182b6fe990:   0000000000000000 000001ade2fb4038   ........8@......
0x000000182b6fe9a0:   000001adcb4adb10 000001adcb4ade70   ..J.....p.J.....
0x000000182b6fe9b0:   000001adcb4ade70 00007ffc45454ca0   p.J......LEE....
0x000000182b6fe9c0:   000001ade2fcaef8 000000182b6feb38   ........8.o+....
0x000000182b6fe9d0:   000000182b6fec70 0000000000008840   p.o+....@.......
0x000000182b6fe9e0:   00007ffc45447080 00007ffc45454cf0   .pDE.....LEE....
0x000000182b6fe9f0:   0000000000989680 0000000000989680   ................
0x000000182b6fea00:   000000182b6feb10 00007ffc4530cc21   ..o+....!.0E....
0x000000182b6fea10:   00007ffc45454ca0 00007ffc45454cf8   .LEE.....LEE....
0x000000182b6fea20:   00007ffc00000000 003f368000000001   .............6?.

Instructions: (pc=0x00007ffc453126c4)
  0x00007ffc453125c4:   cc cc cc cc cc cc cc cc cc cc cc cc cc cc cc cc
  0x00007ffc453125d4:   cc cc cc cc cc cc cc cc cc cc cc cc cc cc cc cc
  0x00007ffc453125e4:   cc cc cc cc cc cc cc cc cc cc cc cc cc cc cc cc
  0x00007ffc453125f4:   cc cc cc cc cc cc cc cc cc cc cc cc cc cc cc cc
  0x00007ffc45312604:   cc cc cc cc cc cc cc cc cc cc cc cc cc cc cc cc
  0x00007ffc45312614:   cc cc cc cc cc cc cc cc cc cc cc cc cc cc cc cc
  0x00007ffc45312624:   cc cc cc cc cc cc cc cc cc cc cc cc cc cc cc cc
  0x00007ffc45312634:   cc cc cc cc cc cc cc cc cc cc cc cc cc cc cc cc
  0x00007ffc45312644:   cc cc cc cc cc cc cc cc cc cc cc cc 40 57 48 83
  0x00007ffc45312654:   ec 20 48 8b f9 48 8b 0d 10 28 14 00 48 85 c9 74
  0x00007ffc45312664:   20 48 8b 01 48 8d 54 24 38 41 b8 06 00 01 00 4c
  0x00007ffc45312674:   8b 48 30 41 ff d1 85 c0 75 07 48 8b 4c 24 38 eb
  0x00007ffc45312684:   02 33 c9 4c 8b 05 ea 28 14 00 48 89 5c 24 30 4d
  0x00007ffc45312694:   85 c0 74 4a 48 8b 01 48 8b d7 4c 8b 88 28 03 00
  0x00007ffc453126a4:   00 41 ff d1 48 85 c0 74 35 48 63 0d f8 e6 13 00
  0x00007ffc453126b4:   48 8b 14 01 48 85 d2 74 15 48 63 05 fc e6 13 00
=>0x00007ffc453126c4:   8b 04 10 48 8b 5c 24 30 48 83 c4 20 5f c3 b8 ff
  0x00007ffc453126d4:   ff ff ff 48 8b 5c 24 30 48 83 c4 20 5f c3 80 3d
  0x00007ffc453126e4:   9b 27 14 00 00 bb ff ff ff ff 74 20 4c 8b 0d 31
  0x00007ffc453126f4:   24 14 00 4c 8d 44 24 38 48 8b 0d 15 24 14 00 48
  0x00007ffc45312704:   8b d7 41 ff d1 85 c0 0f 44 5c 24 38 8b c3 48 8b
  0x00007ffc45312714:   5c 24 30 48 83 c4 20 5f c3 cc cc cc cc cc cc cc
  0x00007ffc45312724:   cc cc cc cc cc cc cc cc cc cc cc cc cc cc cc cc
  0x00007ffc45312734:   cc cc cc cc cc cc cc cc cc cc cc cc cc cc cc cc
  0x00007ffc45312744:   cc cc cc cc cc cc cc cc cc cc cc cc 48 89 54 24
  0x00007ffc45312754:   10 53 55 56 57 41 56 41 57 48 83 ec 28 48 8b f2
  0x00007ffc45312764:   4c 8b f1 48 89 4c 24 78 45 33 ff 44 89 7c 24 68
  0x00007ffc45312774:   c7 44 24 60 01 00 00 00 48 8d 4c 24 68 e8 ed 42
  0x00007ffc45312784:   f7 ff 8b d8 48 8d 4c 24 60 e8 e1 42 f7 ff 8b e8
  0x00007ffc45312794:   49 8b ce e8 00 fc f6 ff 48 8b f8 90 8b c3 f0 0f
  0x00007ffc453127a4:   b1 2f 74 04 f3 90 eb f4 4c 89 3e 4c 89 7e 08 4c
  0x00007ffc453127b4:   89 7e 10 49 8b 6e 08 4d 8b 76 10 49 3b ee 0f 84


Stack slot to memory mapping:

stack at sp + 0 slots: 0x000000182b6fe9a0 is pointing into the stack for thread: 0x000001ade2fb3c70
stack at sp + 1 slots: 0x000001adc558d868 points into unknown readable memory: 0x0000000712e01ed8 | d8 1e e0 12 07 00 00 00
stack at sp + 2 slots: 0x0 is null
stack at sp + 3 slots: 0x000001ade306e8b0 points into unknown readable memory: 0x6e616c2e6176616a | 6a 61 76 61 2e 6c 61 6e
stack at sp + 4 slots: 0x000000000000001b is an unknown value
stack at sp + 5 slots: 0x00007ffc45312b9b libasyncProfiler.dll
stack at sp + 6 slots: 0x0 is null
stack at sp + 7 slots: 0x000001ade2fb4038 points into unknown readable memory: 0x00007ffc23b717b0 | b0 17 b7 23 fc 7f 00 00

Lock stack of current Java thread (top to bottom):


---------------  P R O C E S S  ---------------

Threads class SMR info:
_java_thread_list=0x000001adcaf6e7f0, length=16, elements={
0x000001ade2fb3c70, 0x000001adc5126fa0, 0x000001adc51276e0, 0x000001adc5133310,
0x000001adc5134450, 0x000001adc51351a0, 0x000001adc513a030, 0x000001adc5144e10,
0x000001adc5150950, 0x000001adc5306430, 0x000001adc53804e0, 0x000001adc54186d0,
0x000001adc5562760, 0x000001adc59a41b0, 0x000001adca1a3160, 0x000001adcb26e3f0
}

Java Threads: ( => current thread )
=>0x000001ade2fb3c70 JavaThread "main"                              [_thread_in_native, id=6512, stack(0x000000182b600000,0x000000182b700000) (1024K)]
  0x000001adc5126fa0 JavaThread "Reference Handler"          daemon [_thread_blocked, id=14328, stack(0x000000182be00000,0x000000182bf00000) (1024K)]
  0x000001adc51276e0 JavaThread "Finalizer"                  daemon [_thread_blocked, id=10412, stack(0x000000182bf00000,0x000000182c000000) (1024K)]
  0x000001adc5133310 JavaThread "Signal Dispatcher"          daemon [_thread_blocked, id=2060, stack(0x000000182c000000,0x000000182c100000) (1024K)]
  0x000001adc5134450 JavaThread "Attach Listener"            daemon [_thread_blocked, id=2160, stack(0x000000182c100000,0x000000182c200000) (1024K)]
  0x000001adc51351a0 JavaThread "Service Thread"             daemon [_thread_blocked, id=16480, stack(0x000000182c200000,0x000000182c300000) (1024K)]
  0x000001adc513a030 JavaThread "Monitor Deflation Thread"   daemon [_thread_blocked, id=8236, stack(0x000000182c300000,0x000000182c400000) (1024K)]
  0x000001adc5144e10 JavaThread "C2 CompilerThread0"         daemon [_thread_blocked, id=2496, stack(0x000000182c400000,0x000000182c500000) (1024K)]
  0x000001adc5150950 JavaThread "C1 CompilerThread0"         daemon [_thread_blocked, id=2424, stack(0x000000182c500000,0x000000182c600000) (1024K)]
  0x000001adc5306430 JavaThread "C2 CompilerThread1"         daemon [_thread_blocked, id=7584, stack(0x000000182c600000,0x000000182c700000) (1024K)]
  0x000001adc53804e0 JavaThread "Common-Cleaner"             daemon [_thread_blocked, id=7508, stack(0x000000182c700000,0x000000182c800000) (1024K)]
  0x000001adc54186d0 JavaThread "IntelliJ Suspend Helper"    daemon [_thread_blocked, id=8628, stack(0x000000182c800000,0x000000182c900000) (1024K)]
  0x000001adc5562760 JavaThread "Monitor Ctrl-Break"         daemon [_thread_in_native, id=11700, stack(0x000000182c900000,0x000000182ca00000) (1024K)]
  0x000001adc59a41b0 JavaThread "C2 CompilerThread2"         daemon [_thread_in_native, id=13632, stack(0x000000182ca00000,0x000000182cb00000) (1024K)]
  0x000001adca1a3160 JavaThread "JFR Recorder Thread"        daemon [_thread_in_native, id=2288, stack(0x000000182cb00000,0x000000182cc00000) (1024K)]
  0x000001adcb26e3f0 JavaThread "JFR Periodic Tasks"         daemon [_thread_blocked, id=5836, stack(0x000000182cc00000,0x000000182cd00000) (1024K)]
Total: 16

Other Threads:
  0x000001adec752320 VMThread "VM Thread"                           [id=12724, stack(0x000000182bd00000,0x000000182be00000) (1024K)]
  0x000001adec738d20 WatcherThread "VM Periodic Task Thread"        [id=10456, stack(0x000000182bc00000,0x000000182bd00000) (1024K)]
  0x000001adec62c5a0 WorkerThread "GC Thread#0"                     [id=15372, stack(0x000000182b700000,0x000000182b800000) (1024K)]
  0x000001adec67ff20 ConcurrentGCThread "G1 Main Marker"            [id=11056, stack(0x000000182b800000,0x000000182b900000) (1024K)]
  0x000001adec681f90 WorkerThread "G1 Conc#0"                       [id=13372, stack(0x000000182b900000,0x000000182ba00000) (1024K)]
  0x000001adec718f20 ConcurrentGCThread "G1 Refine#0"               [id=1560, stack(0x000000182ba00000,0x000000182bb00000) (1024K)]
  0x000001adec71b860 ConcurrentGCThread "G1 Service"                [id=8016, stack(0x000000182bb00000,0x000000182bc00000) (1024K)]
Total: 7

Threads with active compile tasks:
C2 CompilerThread2  725 1285       4       jdk.jfr.internal.MetadataWriter::write (168 bytes)
Total: 1

VM state: not at safepoint (normal execution)

VM Mutex/Monitor currently owned by a thread: None

Heap address: 0x0000000703200000, size: 4046 MB, Compressed Oops mode: Zero based, Oop shift amount: 3

CDS archive(s) mapped at: [0x000001ad84000000-0x000001ad84d40000-0x000001ad84d40000), size 13893632, SharedBaseAddress: 0x000001ad84000000, ArchiveRelocationMode: 1.
Compressed class space mapped at: 0x000001ad85000000-0x000001adc5000000, reserved size: 1073741824
UseCompressedClassPointers 1, UseCompactObjectHeaders 0
Narrow klass pointer bits 32, Max shift 3
Narrow klass base: 0x000001ad84000000, Narrow klass shift: 0
Encoding Range: [0x000001ad84000000 - 0x000001ae84000000), (4294967296 bytes)
Klass Range:    [0x000001ad84000000 - 0x000001adc5000000), (1090519040 bytes)
Klass ID Range:  [8 - 1090519033) (1090519025)

GC Precious Log:
 CardTable entry size: 512
 Card Set container configuration: InlinePtr #cards 4 size 8 Array Of Cards #cards 16 size 48 Howl #buckets 8 coarsen threshold 3686 Howl Bitmap #cards 512 size 80 coarsen threshold 460 Card regions per heap region 1 cards per card region 4096
 CPUs: 8 total, 8 available
 Memory: 16182M
 Large Page Support: Disabled
 NUMA Support: Disabled
 Compressed Oops: Enabled (Zero based)
 Heap Region Size: 2M
 Heap Min Capacity: 8M
 Heap Initial Capacity: 254M
 Heap Max Capacity: 4046M
 Pre-touch: Disabled
 Parallel Workers: 8
 Concurrent Workers: 2
 Concurrent Refinement Workers: 8
 Periodic GC: Disabled

Heap:
 garbage-first heap   total reserved 4143104K, committed 262144K, used 23664K [0x0000000703200000, 0x0000000800000000)
  region size 2048K, 12 young (24576K), 0 survivors (0K)
 Metaspace       used 6672K, committed 6848K, reserved 1114112K
  class space    used 538K, committed 640K, reserved 1048576K

Heap Regions: E=young(eden), S=young(survivor), O=old, HS=humongous(starts), HC=humongous(continues), CS=collection set, F=free, TAMS=top-at-mark-start, PB=parsable bottom
|   0|0x0000000703200000, 0x0000000703200000, 0x0000000703400000|  0%| F|  |TAMS 0x0000000703200000| PB 0x0000000703200000| Untracked |  0
|   1|0x0000000703400000, 0x0000000703400000, 0x0000000703600000|  0%| F|  |TAMS 0x0000000703400000| PB 0x0000000703400000| Untracked |  0
|   2|0x0000000703600000, 0x0000000703600000, 0x0000000703800000|  0%| F|  |TAMS 0x0000000703600000| PB 0x0000000703600000| Untracked |  0
|   3|0x0000000703800000, 0x0000000703800000, 0x0000000703a00000|  0%| F|  |TAMS 0x0000000703800000| PB 0x0000000703800000| Untracked |  0
|   4|0x0000000703a00000, 0x0000000703a00000, 0x0000000703c00000|  0%| F|  |TAMS 0x0000000703a00000| PB 0x0000000703a00000| Untracked |  0
|   5|0x0000000703c00000, 0x0000000703c00000, 0x0000000703e00000|  0%| F|  |TAMS 0x0000000703c00000| PB 0x0000000703c00000| Untracked |  0
|   6|0x0000000703e00000, 0x0000000703e00000, 0x0000000704000000|  0%| F|  |TAMS 0x0000000703e00000| PB 0x0000000703e00000| Untracked |  0
|   7|0x0000000704000000, 0x0000000704000000, 0x0000000704200000|  0%| F|  |TAMS 0x0000000704000000| PB 0x0000000704000000| Untracked |  0
|   8|0x0000000704200000, 0x0000000704200000, 0x0000000704400000|  0%| F|  |TAMS 0x0000000704200000| PB 0x0000000704200000| Untracked |  0
|   9|0x0000000704400000, 0x0000000704400000, 0x0000000704600000|  0%| F|  |TAMS 0x0000000704400000| PB 0x0000000704400000| Untracked |  0
|  10|0x0000000704600000, 0x0000000704600000, 0x0000000704800000|  0%| F|  |TAMS 0x0000000704600000| PB 0x0000000704600000| Untracked |  0
|  11|0x0000000704800000, 0x0000000704800000, 0x0000000704a00000|  0%| F|  |TAMS 0x0000000704800000| PB 0x0000000704800000| Untracked |  0
|  12|0x0000000704a00000, 0x0000000704a00000, 0x0000000704c00000|  0%| F|  |TAMS 0x0000000704a00000| PB 0x0000000704a00000| Untracked |  0
|  13|0x0000000704c00000, 0x0000000704c00000, 0x0000000704e00000|  0%| F|  |TAMS 0x0000000704c00000| PB 0x0000000704c00000| Untracked |  0
|  14|0x0000000704e00000, 0x0000000704e00000, 0x0000000705000000|  0%| F|  |TAMS 0x0000000704e00000| PB 0x0000000704e00000| Untracked |  0
|  15|0x0000000705000000, 0x0000000705000000, 0x0000000705200000|  0%| F|  |TAMS 0x0000000705000000| PB 0x0000000705000000| Untracked |  0
|  16|0x0000000705200000, 0x0000000705200000, 0x0000000705400000|  0%| F|  |TAMS 0x0000000705200000| PB 0x0000000705200000| Untracked |  0
|  17|0x0000000705400000, 0x0000000705400000, 0x0000000705600000|  0%| F|  |TAMS 0x0000000705400000| PB 0x0000000705400000| Untracked |  0
|  18|0x0000000705600000, 0x0000000705600000, 0x0000000705800000|  0%| F|  |TAMS 0x0000000705600000| PB 0x0000000705600000| Untracked |  0
|  19|0x0000000705800000, 0x0000000705800000, 0x0000000705a00000|  0%| F|  |TAMS 0x0000000705800000| PB 0x0000000705800000| Untracked |  0
|  20|0x0000000705a00000, 0x0000000705a00000, 0x0000000705c00000|  0%| F|  |TAMS 0x0000000705a00000| PB 0x0000000705a00000| Untracked |  0
|  21|0x0000000705c00000, 0x0000000705c00000, 0x0000000705e00000|  0%| F|  |TAMS 0x0000000705c00000| PB 0x0000000705c00000| Untracked |  0
|  22|0x0000000705e00000, 0x0000000705e00000, 0x0000000706000000|  0%| F|  |TAMS 0x0000000705e00000| PB 0x0000000705e00000| Untracked |  0
|  23|0x0000000706000000, 0x0000000706000000, 0x0000000706200000|  0%| F|  |TAMS 0x0000000706000000| PB 0x0000000706000000| Untracked |  0
|  24|0x0000000706200000, 0x0000000706200000, 0x0000000706400000|  0%| F|  |TAMS 0x0000000706200000| PB 0x0000000706200000| Untracked |  0
|  25|0x0000000706400000, 0x0000000706400000, 0x0000000706600000|  0%| F|  |TAMS 0x0000000706400000| PB 0x0000000706400000| Untracked |  0
|  26|0x0000000706600000, 0x0000000706600000, 0x0000000706800000|  0%| F|  |TAMS 0x0000000706600000| PB 0x0000000706600000| Untracked |  0
|  27|0x0000000706800000, 0x0000000706800000, 0x0000000706a00000|  0%| F|  |TAMS 0x0000000706800000| PB 0x0000000706800000| Untracked |  0
|  28|0x0000000706a00000, 0x0000000706a00000, 0x0000000706c00000|  0%| F|  |TAMS 0x0000000706a00000| PB 0x0000000706a00000| Untracked |  0
|  29|0x0000000706c00000, 0x0000000706c00000, 0x0000000706e00000|  0%| F|  |TAMS 0x0000000706c00000| PB 0x0000000706c00000| Untracked |  0
|  30|0x0000000706e00000, 0x0000000706e00000, 0x0000000707000000|  0%| F|  |TAMS 0x0000000706e00000| PB 0x0000000706e00000| Untracked |  0
|  31|0x0000000707000000, 0x0000000707000000, 0x0000000707200000|  0%| F|  |TAMS 0x0000000707000000| PB 0x0000000707000000| Untracked |  0
|  32|0x0000000707200000, 0x0000000707200000, 0x0000000707400000|  0%| F|  |TAMS 0x0000000707200000| PB 0x0000000707200000| Untracked |  0
|  33|0x0000000707400000, 0x0000000707400000, 0x0000000707600000|  0%| F|  |TAMS 0x0000000707400000| PB 0x0000000707400000| Untracked |  0
|  34|0x0000000707600000, 0x0000000707600000, 0x0000000707800000|  0%| F|  |TAMS 0x0000000707600000| PB 0x0000000707600000| Untracked |  0
|  35|0x0000000707800000, 0x0000000707800000, 0x0000000707a00000|  0%| F|  |TAMS 0x0000000707800000| PB 0x0000000707800000| Untracked |  0
|  36|0x0000000707a00000, 0x0000000707a00000, 0x0000000707c00000|  0%| F|  |TAMS 0x0000000707a00000| PB 0x0000000707a00000| Untracked |  0
|  37|0x0000000707c00000, 0x0000000707c00000, 0x0000000707e00000|  0%| F|  |TAMS 0x0000000707c00000| PB 0x0000000707c00000| Untracked |  0
|  38|0x0000000707e00000, 0x0000000707e00000, 0x0000000708000000|  0%| F|  |TAMS 0x0000000707e00000| PB 0x0000000707e00000| Untracked |  0
|  39|0x0000000708000000, 0x0000000708000000, 0x0000000708200000|  0%| F|  |TAMS 0x0000000708000000| PB 0x0000000708000000| Untracked |  0
|  40|0x0000000708200000, 0x0000000708200000, 0x0000000708400000|  0%| F|  |TAMS 0x0000000708200000| PB 0x0000000708200000| Untracked |  0
|  41|0x0000000708400000, 0x0000000708400000, 0x0000000708600000|  0%| F|  |TAMS 0x0000000708400000| PB 0x0000000708400000| Untracked |  0
|  42|0x0000000708600000, 0x0000000708600000, 0x0000000708800000|  0%| F|  |TAMS 0x0000000708600000| PB 0x0000000708600000| Untracked |  0
|  43|0x0000000708800000, 0x0000000708800000, 0x0000000708a00000|  0%| F|  |TAMS 0x0000000708800000| PB 0x0000000708800000| Untracked |  0
|  44|0x0000000708a00000, 0x0000000708a00000, 0x0000000708c00000|  0%| F|  |TAMS 0x0000000708a00000| PB 0x0000000708a00000| Untracked |  0
|  45|0x0000000708c00000, 0x0000000708c00000, 0x0000000708e00000|  0%| F|  |TAMS 0x0000000708c00000| PB 0x0000000708c00000| Untracked |  0
|  46|0x0000000708e00000, 0x0000000708e00000, 0x0000000709000000|  0%| F|  |TAMS 0x0000000708e00000| PB 0x0000000708e00000| Untracked |  0
|  47|0x0000000709000000, 0x0000000709000000, 0x0000000709200000|  0%| F|  |TAMS 0x0000000709000000| PB 0x0000000709000000| Untracked |  0
|  48|0x0000000709200000, 0x0000000709200000, 0x0000000709400000|  0%| F|  |TAMS 0x0000000709200000| PB 0x0000000709200000| Untracked |  0
|  49|0x0000000709400000, 0x0000000709400000, 0x0000000709600000|  0%| F|  |TAMS 0x0000000709400000| PB 0x0000000709400000| Untracked |  0
|  50|0x0000000709600000, 0x0000000709600000, 0x0000000709800000|  0%| F|  |TAMS 0x0000000709600000| PB 0x0000000709600000| Untracked |  0
|  51|0x0000000709800000, 0x0000000709800000, 0x0000000709a00000|  0%| F|  |TAMS 0x0000000709800000| PB 0x0000000709800000| Untracked |  0
|  52|0x0000000709a00000, 0x0000000709a00000, 0x0000000709c00000|  0%| F|  |TAMS 0x0000000709a00000| PB 0x0000000709a00000| Untracked |  0
|  53|0x0000000709c00000, 0x0000000709c00000, 0x0000000709e00000|  0%| F|  |TAMS 0x0000000709c00000| PB 0x0000000709c00000| Untracked |  0
|  54|0x0000000709e00000, 0x0000000709e00000, 0x000000070a000000|  0%| F|  |TAMS 0x0000000709e00000| PB 0x0000000709e00000| Untracked |  0
|  55|0x000000070a000000, 0x000000070a000000, 0x000000070a200000|  0%| F|  |TAMS 0x000000070a000000| PB 0x000000070a000000| Untracked |  0
|  56|0x000000070a200000, 0x000000070a200000, 0x000000070a400000|  0%| F|  |TAMS 0x000000070a200000| PB 0x000000070a200000| Untracked |  0
|  57|0x000000070a400000, 0x000000070a400000, 0x000000070a600000|  0%| F|  |TAMS 0x000000070a400000| PB 0x000000070a400000| Untracked |  0
|  58|0x000000070a600000, 0x000000070a600000, 0x000000070a800000|  0%| F|  |TAMS 0x000000070a600000| PB 0x000000070a600000| Untracked |  0
|  59|0x000000070a800000, 0x000000070a800000, 0x000000070aa00000|  0%| F|  |TAMS 0x000000070a800000| PB 0x000000070a800000| Untracked |  0
|  60|0x000000070aa00000, 0x000000070aa00000, 0x000000070ac00000|  0%| F|  |TAMS 0x000000070aa00000| PB 0x000000070aa00000| Untracked |  0
|  61|0x000000070ac00000, 0x000000070ac00000, 0x000000070ae00000|  0%| F|  |TAMS 0x000000070ac00000| PB 0x000000070ac00000| Untracked |  0
|  62|0x000000070ae00000, 0x000000070ae00000, 0x000000070b000000|  0%| F|  |TAMS 0x000000070ae00000| PB 0x000000070ae00000| Untracked |  0
|  63|0x000000070b000000, 0x000000070b000000, 0x000000070b200000|  0%| F|  |TAMS 0x000000070b000000| PB 0x000000070b000000| Untracked |  0
|  64|0x000000070b200000, 0x000000070b200000, 0x000000070b400000|  0%| F|  |TAMS 0x000000070b200000| PB 0x000000070b200000| Untracked |  0
|  65|0x000000070b400000, 0x000000070b400000, 0x000000070b600000|  0%| F|  |TAMS 0x000000070b400000| PB 0x000000070b400000| Untracked |  0
|  66|0x000000070b600000, 0x000000070b600000, 0x000000070b800000|  0%| F|  |TAMS 0x000000070b600000| PB 0x000000070b600000| Untracked |  0
|  67|0x000000070b800000, 0x000000070b800000, 0x000000070ba00000|  0%| F|  |TAMS 0x000000070b800000| PB 0x000000070b800000| Untracked |  0
|  68|0x000000070ba00000, 0x000000070ba00000, 0x000000070bc00000|  0%| F|  |TAMS 0x000000070ba00000| PB 0x000000070ba00000| Untracked |  0
|  69|0x000000070bc00000, 0x000000070bc00000, 0x000000070be00000|  0%| F|  |TAMS 0x000000070bc00000| PB 0x000000070bc00000| Untracked |  0
|  70|0x000000070be00000, 0x000000070be00000, 0x000000070c000000|  0%| F|  |TAMS 0x000000070be00000| PB 0x000000070be00000| Untracked |  0
|  71|0x000000070c000000, 0x000000070c000000, 0x000000070c200000|  0%| F|  |TAMS 0x000000070c000000| PB 0x000000070c000000| Untracked |  0
|  72|0x000000070c200000, 0x000000070c200000, 0x000000070c400000|  0%| F|  |TAMS 0x000000070c200000| PB 0x000000070c200000| Untracked |  0
|  73|0x000000070c400000, 0x000000070c400000, 0x000000070c600000|  0%| F|  |TAMS 0x000000070c400000| PB 0x000000070c400000| Untracked |  0
|  74|0x000000070c600000, 0x000000070c600000, 0x000000070c800000|  0%| F|  |TAMS 0x000000070c600000| PB 0x000000070c600000| Untracked |  0
|  75|0x000000070c800000, 0x000000070c800000, 0x000000070ca00000|  0%| F|  |TAMS 0x000000070c800000| PB 0x000000070c800000| Untracked |  0
|  76|0x000000070ca00000, 0x000000070ca00000, 0x000000070cc00000|  0%| F|  |TAMS 0x000000070ca00000| PB 0x000000070ca00000| Untracked |  0
|  77|0x000000070cc00000, 0x000000070cc00000, 0x000000070ce00000|  0%| F|  |TAMS 0x000000070cc00000| PB 0x000000070cc00000| Untracked |  0
|  78|0x000000070ce00000, 0x000000070ce00000, 0x000000070d000000|  0%| F|  |TAMS 0x000000070ce00000| PB 0x000000070ce00000| Untracked |  0
|  79|0x000000070d000000, 0x000000070d000000, 0x000000070d200000|  0%| F|  |TAMS 0x000000070d000000| PB 0x000000070d000000| Untracked |  0
|  80|0x000000070d200000, 0x000000070d200000, 0x000000070d400000|  0%| F|  |TAMS 0x000000070d200000| PB 0x000000070d200000| Untracked |  0
|  81|0x000000070d400000, 0x000000070d400000, 0x000000070d600000|  0%| F|  |TAMS 0x000000070d400000| PB 0x000000070d400000| Untracked |  0
|  82|0x000000070d600000, 0x000000070d600000, 0x000000070d800000|  0%| F|  |TAMS 0x000000070d600000| PB 0x000000070d600000| Untracked |  0
|  83|0x000000070d800000, 0x000000070d800000, 0x000000070da00000|  0%| F|  |TAMS 0x000000070d800000| PB 0x000000070d800000| Untracked |  0
|  84|0x000000070da00000, 0x000000070da00000, 0x000000070dc00000|  0%| F|  |TAMS 0x000000070da00000| PB 0x000000070da00000| Untracked |  0
|  85|0x000000070dc00000, 0x000000070dc00000, 0x000000070de00000|  0%| F|  |TAMS 0x000000070dc00000| PB 0x000000070dc00000| Untracked |  0
|  86|0x000000070de00000, 0x000000070de00000, 0x000000070e000000|  0%| F|  |TAMS 0x000000070de00000| PB 0x000000070de00000| Untracked |  0
|  87|0x000000070e000000, 0x000000070e000000, 0x000000070e200000|  0%| F|  |TAMS 0x000000070e000000| PB 0x000000070e000000| Untracked |  0
|  88|0x000000070e200000, 0x000000070e200000, 0x000000070e400000|  0%| F|  |TAMS 0x000000070e200000| PB 0x000000070e200000| Untracked |  0
|  89|0x000000070e400000, 0x000000070e400000, 0x000000070e600000|  0%| F|  |TAMS 0x000000070e400000| PB 0x000000070e400000| Untracked |  0
|  90|0x000000070e600000, 0x000000070e600000, 0x000000070e800000|  0%| F|  |TAMS 0x000000070e600000| PB 0x000000070e600000| Untracked |  0
|  91|0x000000070e800000, 0x000000070e800000, 0x000000070ea00000|  0%| F|  |TAMS 0x000000070e800000| PB 0x000000070e800000| Untracked |  0
|  92|0x000000070ea00000, 0x000000070ea00000, 0x000000070ec00000|  0%| F|  |TAMS 0x000000070ea00000| PB 0x000000070ea00000| Untracked |  0
|  93|0x000000070ec00000, 0x000000070ec00000, 0x000000070ee00000|  0%| F|  |TAMS 0x000000070ec00000| PB 0x000000070ec00000| Untracked |  0
|  94|0x000000070ee00000, 0x000000070ee00000, 0x000000070f000000|  0%| F|  |TAMS 0x000000070ee00000| PB 0x000000070ee00000| Untracked |  0
|  95|0x000000070f000000, 0x000000070f000000, 0x000000070f200000|  0%| F|  |TAMS 0x000000070f000000| PB 0x000000070f000000| Untracked |  0
|  96|0x000000070f200000, 0x000000070f200000, 0x000000070f400000|  0%| F|  |TAMS 0x000000070f200000| PB 0x000000070f200000| Untracked |  0
|  97|0x000000070f400000, 0x000000070f400000, 0x000000070f600000|  0%| F|  |TAMS 0x000000070f400000| PB 0x000000070f400000| Untracked |  0
|  98|0x000000070f600000, 0x000000070f600000, 0x000000070f800000|  0%| F|  |TAMS 0x000000070f600000| PB 0x000000070f600000| Untracked |  0
|  99|0x000000070f800000, 0x000000070f800000, 0x000000070fa00000|  0%| F|  |TAMS 0x000000070f800000| PB 0x000000070f800000| Untracked |  0
| 100|0x000000070fa00000, 0x000000070fa00000, 0x000000070fc00000|  0%| F|  |TAMS 0x000000070fa00000| PB 0x000000070fa00000| Untracked |  0
| 101|0x000000070fc00000, 0x000000070fc00000, 0x000000070fe00000|  0%| F|  |TAMS 0x000000070fc00000| PB 0x000000070fc00000| Untracked |  0
| 102|0x000000070fe00000, 0x000000070fe00000, 0x0000000710000000|  0%| F|  |TAMS 0x000000070fe00000| PB 0x000000070fe00000| Untracked |  0
| 103|0x0000000710000000, 0x0000000710000000, 0x0000000710200000|  0%| F|  |TAMS 0x0000000710000000| PB 0x0000000710000000| Untracked |  0
| 104|0x0000000710200000, 0x0000000710200000, 0x0000000710400000|  0%| F|  |TAMS 0x0000000710200000| PB 0x0000000710200000| Untracked |  0
| 105|0x0000000710400000, 0x0000000710400000, 0x0000000710600000|  0%| F|  |TAMS 0x0000000710400000| PB 0x0000000710400000| Untracked |  0
| 106|0x0000000710600000, 0x0000000710600000, 0x0000000710800000|  0%| F|  |TAMS 0x0000000710600000| PB 0x0000000710600000| Untracked |  0
| 107|0x0000000710800000, 0x0000000710800000, 0x0000000710a00000|  0%| F|  |TAMS 0x0000000710800000| PB 0x0000000710800000| Untracked |  0
| 108|0x0000000710a00000, 0x0000000710a00000, 0x0000000710c00000|  0%| F|  |TAMS 0x0000000710a00000| PB 0x0000000710a00000| Untracked |  0
| 109|0x0000000710c00000, 0x0000000710c00000, 0x0000000710e00000|  0%| F|  |TAMS 0x0000000710c00000| PB 0x0000000710c00000| Untracked |  0
| 110|0x0000000710e00000, 0x0000000710e00000, 0x0000000711000000|  0%| F|  |TAMS 0x0000000710e00000| PB 0x0000000710e00000| Untracked |  0
| 111|0x0000000711000000, 0x0000000711000000, 0x0000000711200000|  0%| F|  |TAMS 0x0000000711000000| PB 0x0000000711000000| Untracked |  0
| 112|0x0000000711200000, 0x0000000711200000, 0x0000000711400000|  0%| F|  |TAMS 0x0000000711200000| PB 0x0000000711200000| Untracked |  0
| 113|0x0000000711400000, 0x0000000711400000, 0x0000000711600000|  0%| F|  |TAMS 0x0000000711400000| PB 0x0000000711400000| Untracked |  0
| 114|0x0000000711600000, 0x0000000711600000, 0x0000000711800000|  0%| F|  |TAMS 0x0000000711600000| PB 0x0000000711600000| Untracked |  0
| 115|0x0000000711800000, 0x00000007119ef880, 0x0000000711a00000| 96%| E|  |TAMS 0x0000000711800000| PB 0x0000000711800000| Complete |  0
| 116|0x0000000711a00000, 0x0000000711c00000, 0x0000000711c00000|100%| E|CS|TAMS 0x0000000711a00000| PB 0x0000000711a00000| Complete |  0
| 117|0x0000000711c00000, 0x0000000711e00000, 0x0000000711e00000|100%| E|CS|TAMS 0x0000000711c00000| PB 0x0000000711c00000| Complete |  0
| 118|0x0000000711e00000, 0x0000000712000000, 0x0000000712000000|100%| E|CS|TAMS 0x0000000711e00000| PB 0x0000000711e00000| Complete |  0
| 119|0x0000000712000000, 0x0000000712200000, 0x0000000712200000|100%| E|CS|TAMS 0x0000000712000000| PB 0x0000000712000000| Complete |  0
| 120|0x0000000712200000, 0x0000000712400000, 0x0000000712400000|100%| E|CS|TAMS 0x0000000712200000| PB 0x0000000712200000| Complete |  0
| 121|0x0000000712400000, 0x0000000712600000, 0x0000000712600000|100%| E|CS|TAMS 0x0000000712400000| PB 0x0000000712400000| Complete |  0
| 122|0x0000000712600000, 0x0000000712800000, 0x0000000712800000|100%| E|CS|TAMS 0x0000000712600000| PB 0x0000000712600000| Complete |  0
| 123|0x0000000712800000, 0x0000000712a00000, 0x0000000712a00000|100%| E|CS|TAMS 0x0000000712800000| PB 0x0000000712800000| Complete |  0
| 124|0x0000000712a00000, 0x0000000712c00000, 0x0000000712c00000|100%| E|CS|TAMS 0x0000000712a00000| PB 0x0000000712a00000| Complete |  0
| 125|0x0000000712c00000, 0x0000000712e00000, 0x0000000712e00000|100%| E|CS|TAMS 0x0000000712c00000| PB 0x0000000712c00000| Complete |  0
| 126|0x0000000712e00000, 0x0000000713000000, 0x0000000713000000|100%| E|CS|TAMS 0x0000000712e00000| PB 0x0000000712e00000| Complete |  0
|2022|0x00000007ffe00000, 0x00000007fff1c288, 0x0000000800000000| 55%| O|  |TAMS 0x00000007ffe00000| PB 0x00000007ffe00000| Untracked |  0

Card table byte_map: [0x000001adfc9d0000,0x000001adfd1c0000] _byte_map_base: 0x000001adf91b7000

Marking Bits: (CMBitMap*) 0x000001adec62cbc0
 Bits: [0x000001ad80000000, 0x000001ad83f38000)

Polling page: 0x000001adeb9a0000

Metaspace:

Usage:
  Non-class:      5.99 MB used.
      Class:    538.51 KB used.
       Both:      6.52 MB used.

Virtual space:
  Non-class space:       64.00 MB reserved,       6.06 MB (  9%) committed,  1 nodes.
      Class space:        1.00 GB reserved,     640.00 KB ( <1%) committed,  1 nodes.
             Both:        1.06 GB reserved,       6.69 MB ( <1%) committed. 

Chunk freelists:
   Non-Class:  9.00 MB
       Class:  15.24 MB
        Both:  24.24 MB

MaxMetaspaceSize: unlimited
CompressedClassSpaceSize: 1.00 GB
Initial GC threshold: 21.00 MB
Current GC threshold: 21.00 MB
CDS: on
 - commit_granule_bytes: 65536.
 - commit_granule_words: 8192.
 - virtual_space_node_default_size: 8388608.
 - enlarge_chunks_in_place: 1.
UseCompressedClassPointers 1, UseCompactObjectHeaders 0
Narrow klass pointer bits 32, Max shift 3
Narrow klass base: 0x000001ad84000000, Narrow klass shift: 0
Encoding Range: [0x000001ad84000000 - 0x000001ae84000000), (4294967296 bytes)
Klass Range:    [0x000001ad84000000 - 0x000001adc5000000), (1090519040 bytes)
Klass ID Range:  [8 - 1090519033) (1090519025)


Internal statistics:

num_allocs_failed_limit: 0.
num_arena_births: 70.
num_arena_deaths: 0.
num_vsnodes_births: 2.
num_vsnodes_deaths: 0.
num_space_committed: 107.
num_space_uncommitted: 0.
num_chunks_returned_to_freelist: 0.
num_chunks_taken_from_freelist: 86.
num_chunk_merges: 0.
num_chunk_splits: 55.
num_chunks_enlarged: 34.
num_inconsistent_stats: 0.

CodeHeap 'non-profiled nmethods': size=120064Kb used=420Kb max_used=420Kb free=119643Kb
 bounds [0x000001adf4230000, 0x000001adf44a0000, 0x000001adfb770000]
CodeHeap 'profiled nmethods': size=120000Kb used=1749Kb max_used=1749Kb free=118250Kb
 bounds [0x000001adec770000, 0x000001adec9e0000, 0x000001adf3ca0000]
CodeHeap 'non-nmethods': size=5696Kb used=1297Kb max_used=1328Kb free=4398Kb
 bounds [0x000001adf3ca0000, 0x000001adf3f10000, 0x000001adf4230000]
CodeCache: size=245760Kb, used=3466Kb, max_used=3497Kb, free=242291Kb
 total_blobs=1784, nmethods=1318, adapters=372, full_count=0
Compilation: enabled, stopped_count=0, restarted_count=0

Compilation events (20 events):
Event: 0.597 Thread 0x000001adc5150950 1314   !   3       jdk.jfr.internal.Control::setValue (102 bytes)
Event: 0.598 Thread 0x000001adc5150950 nmethod 1314 0x000001adec922f88 code [0x000001adec923220, 0x000001adec9246a0]
Event: 0.598 Thread 0x000001adc5150950 1313       3       java.lang.StringLatin1::getChar (9 bytes)
Event: 0.598 Thread 0x000001adc5150950 nmethod 1313 0x000001adec924788 code [0x000001adec9248a0, 0x000001adec9249c0]
Event: 0.599 Thread 0x000001adc5144e10 nmethod 1312 0x000001adf4297488 code [0x000001adf42975a0, 0x000001adf4297bc0]
Event: 0.600 Thread 0x000001adc5150950 1315       1       jdk.jfr.internal.periodic.EventTask::getEventType (5 bytes)
Event: 0.600 Thread 0x000001adc5150950 nmethod 1315 0x000001adf4297c08 code [0x000001adf4297d00, 0x000001adf4297dc8]
Event: 0.600 Thread 0x000001adc5150950 1316       1       jdk.jfr.internal.periodic.PeriodicTask::getPeriod (5 bytes)
Event: 0.600 Thread 0x000001adc5150950 nmethod 1316 0x000001adf4297f08 code [0x000001adf4298000, 0x000001adf42980c8]
Event: 0.600 Thread 0x000001adc5150950 1317       3       java.util.Comparator$$Lambda/0x000001ad8501d118::compare (10 bytes)
Event: 0.600 Thread 0x000001adc5150950 nmethod 1317 0x000001adec924a88 code [0x000001adec924be0, 0x000001adec925070]
Event: 0.600 Thread 0x000001adc5150950 1318       3       java.util.Comparator::lambda$comparingLong$6043328a$1 (18 bytes)
Event: 0.601 Thread 0x000001adc5150950 nmethod 1318 0x000001adec925108 code [0x000001adec925260, 0x000001adec925658]
Event: 0.601 Thread 0x000001adc5150950 1319       1       java.lang.classfile.ClassFile::latestMajorVersion (3 bytes)
Event: 0.601 Thread 0x000001adc5150950 nmethod 1319 0x000001adf4298208 code [0x000001adf4298300, 0x000001adf42983a8]
Event: 0.601 Thread 0x000001adc5150950 1320       1       java.lang.classfile.ClassFile::latestMinorVersion (2 bytes)
Event: 0.601 Thread 0x000001adc5150950 nmethod 1320 0x000001adf4298508 code [0x000001adf4298600, 0x000001adf42986a8]
Event: 0.601 Thread 0x000001adc5150950 1321       1       jdk.internal.classfile.impl.DirectClassBuilder::setFlags (6 bytes)
Event: 0.601 Thread 0x000001adc5150950 nmethod 1321 0x000001adf4298808 code [0x000001adf4298900, 0x000001adf42989c8]
Event: 0.603 Thread 0x000001adc5306430 nmethod 1298 0x000001adf4298b08 code [0x000001adf4298c20, 0x000001adf42991d0]

GC Heap History (0 events):
No events

Dll operation events (9 events):
Event: 0.013 Loaded shared library C:\Users\adria\.jdks\openjdk-24.0.1\bin\java.dll
Event: 0.014 Loaded shared library C:\Users\adria\.jdks\openjdk-24.0.1\bin\zip.dll
Event: 0.043 Loaded shared library C:\Users\adria\.jdks\openjdk-24.0.1\bin\jsvml.dll
Event: 0.101 Loaded shared library C:\Users\adria\.jdks\openjdk-24.0.1\bin\instrument.dll
Event: 0.159 Loaded shared library C:\Users\adria\.jdks\openjdk-24.0.1\bin\net.dll
Event: 0.161 Loaded shared library C:\Users\adria\.jdks\openjdk-24.0.1\bin\nio.dll
Event: 0.173 Loaded shared library C:\Users\adria\.jdks\openjdk-24.0.1\bin\zip.dll
Event: 0.200 Loaded shared library C:\Users\adria\.jdks\openjdk-24.0.1\bin\extnet.dll
Event: 0.271 Loaded shared library C:\Users\adria\.jdks\openjdk-24.0.1\bin\jimage.dll

Deoptimization events (20 events):
Event: 0.552 Thread 0x000001ade2fb3c70 Uncommon trap: trap_request=0xffffffd6 fr.pc=0x000001adf4289fd4 relative=0x00000000000006f4
Event: 0.552 Thread 0x000001ade2fb3c70 Uncommon trap: reason=array_check action=maybe_recompile pc=0x000001adf4289fd4 method=jdk.internal.classfile.impl.SplitConstantPool.internalAdd(Ljava/lang/classfile/constantpool/PoolEntry;I)Ljava/lang/classfile/constantpool/PoolEntry; @ 46 c2
Event: 0.552 Thread 0x000001ade2fb3c70 DEOPT PACKING pc=0x000001adf4289fd4 sp=0x000000182b6fd1f0
Event: 0.552 Thread 0x000001ade2fb3c70 DEOPT UNPACKING pc=0x000001adf3db5882 sp=0x000000182b6fd1a0 mode 2
Event: 0.552 Thread 0x000001ade2fb3c70 Uncommon trap: trap_request=0xffffffd6 fr.pc=0x000001adf4289fd4 relative=0x00000000000006f4
Event: 0.552 Thread 0x000001ade2fb3c70 Uncommon trap: reason=array_check action=maybe_recompile pc=0x000001adf4289fd4 method=jdk.internal.classfile.impl.SplitConstantPool.internalAdd(Ljava/lang/classfile/constantpool/PoolEntry;I)Ljava/lang/classfile/constantpool/PoolEntry; @ 46 c2
Event: 0.552 Thread 0x000001ade2fb3c70 DEOPT PACKING pc=0x000001adf4289fd4 sp=0x000000182b6fd1f0
Event: 0.552 Thread 0x000001ade2fb3c70 DEOPT UNPACKING pc=0x000001adf3db5882 sp=0x000000182b6fd1a0 mode 2
Event: 0.552 Thread 0x000001ade2fb3c70 Uncommon trap: trap_request=0xffffffd6 fr.pc=0x000001adf4289fd4 relative=0x00000000000006f4
Event: 0.552 Thread 0x000001ade2fb3c70 Uncommon trap: reason=array_check action=maybe_recompile pc=0x000001adf4289fd4 method=jdk.internal.classfile.impl.SplitConstantPool.internalAdd(Ljava/lang/classfile/constantpool/PoolEntry;I)Ljava/lang/classfile/constantpool/PoolEntry; @ 46 c2
Event: 0.552 Thread 0x000001ade2fb3c70 DEOPT PACKING pc=0x000001adf4289fd4 sp=0x000000182b6fd060
Event: 0.552 Thread 0x000001ade2fb3c70 DEOPT UNPACKING pc=0x000001adf3db5882 sp=0x000000182b6fd010 mode 2
Event: 0.552 Thread 0x000001ade2fb3c70 Uncommon trap: trap_request=0xffffffd6 fr.pc=0x000001adf4289fd4 relative=0x00000000000006f4
Event: 0.552 Thread 0x000001ade2fb3c70 Uncommon trap: reason=array_check action=maybe_recompile pc=0x000001adf4289fd4 method=jdk.internal.classfile.impl.SplitConstantPool.internalAdd(Ljava/lang/classfile/constantpool/PoolEntry;I)Ljava/lang/classfile/constantpool/PoolEntry; @ 46 c2
Event: 0.552 Thread 0x000001ade2fb3c70 DEOPT PACKING pc=0x000001adf4289fd4 sp=0x000000182b6fd040
Event: 0.552 Thread 0x000001ade2fb3c70 DEOPT UNPACKING pc=0x000001adf3db5882 sp=0x000000182b6fcff0 mode 2
Event: 0.580 Thread 0x000001ade2fb3c70 Uncommon trap: trap_request=0xffffff4d fr.pc=0x000001adf4290ca4 relative=0x0000000000000404
Event: 0.580 Thread 0x000001ade2fb3c70 Uncommon trap: reason=unstable_if action=reinterpret pc=0x000001adf4290ca4 method=java.io.ByteArrayOutputStream.ensureCapacity(I)V @ 11 c2
Event: 0.580 Thread 0x000001ade2fb3c70 DEOPT PACKING pc=0x000001adf4290ca4 sp=0x000000182b6fdf30
Event: 0.580 Thread 0x000001ade2fb3c70 DEOPT UNPACKING pc=0x000001adf3db5882 sp=0x000000182b6fde20 mode 2

Classes loaded (20 events):
Event: 0.561 Loading class jdk/jfr/internal/MetadataWriter
Event: 0.562 Loading class jdk/jfr/internal/MetadataWriter done
Event: 0.562 Loading class jdk/jfr/internal/MetadataDescriptor$Element
Event: 0.562 Loading class jdk/jfr/internal/MetadataDescriptor$Element done
Event: 0.563 Loading class jdk/jfr/internal/MetadataDescriptor$Attribute
Event: 0.563 Loading class jdk/jfr/internal/MetadataDescriptor$Attribute done
Event: 0.574 Loading class jdk/jfr/internal/consumer/StringParser$Encoding
Event: 0.575 Loading class jdk/jfr/internal/consumer/StringParser$Encoding done
Event: 0.589 Loading class jdk/jfr/internal/consumer/RepositoryFiles
Event: 0.589 Loading class jdk/jfr/internal/consumer/RepositoryFiles done
Event: 0.592 Loading class jdk/jfr/internal/SettingsManager$InternalSetting
Event: 0.592 Loading class jdk/jfr/internal/SettingsManager$InternalSetting done
Event: 0.594 Loading class jdk/jfr/internal/util/Rate
Event: 0.595 Loading class jdk/jfr/internal/util/Rate done
Event: 0.595 Loading class jdk/jfr/internal/util/TimespanUnit
Event: 0.595 Loading class jdk/jfr/internal/util/TimespanUnit done
Event: 0.595 Loading class jdk/jfr/internal/util/ValueParser
Event: 0.595 Loading class jdk/jfr/internal/util/ValueParser done
Event: 0.597 Loading class jdk/jfr/internal/periodic/PeriodicType
Event: 0.597 Loading class jdk/jfr/internal/periodic/PeriodicType done

Classes unloaded (0 events):
No events

Classes redefined (1 events):
Event: 0.142 Thread 0x000001adec752320 redefined class name=java.lang.Throwable, count=1

Internal exceptions (19 events):
Event: 0.102 Thread 0x000001ade2fb3c70 Exception <a 'java/lang/NoSuchMethodError'{0x0000000712c41438}: 'void java.lang.invoke.DirectMethodHandle$Holder.invokeStatic(java.lang.Object, java.lang.Object, java.lang.Object)'> (0x0000000712c41438) 
thrown [s\open\src\hotspot\share\interpreter\linkResolver.cpp, line 805]
Event: 0.110 Thread 0x000001ade2fb3c70 Exception <a 'java/lang/NoSuchMethodError'{0x0000000712c75ff8}: 'java.lang.Object java.lang.invoke.Invokers$Holder.invokeExact_MT(java.lang.Object, java.lang.Object, java.lang.Object, java.lang.Object, java.lang.Object)'> (0x0000000712c75ff8) 
thrown [s\open\src\hotspot\share\interpreter\linkResolver.cpp, line 805]
Event: 0.190 Thread 0x000001ade2fb3c70 Exception <a 'java/lang/NoSuchMethodError'{0x0000000712bc0d20}: 'java.lang.Object java.lang.invoke.DirectMethodHandle$Holder.invokeStaticInit(java.lang.Object, java.lang.Object, java.lang.Object)'> (0x0000000712bc0d20) 
thrown [s\open\src\hotspot\share\interpreter\linkResolver.cpp, line 805]
Event: 0.198 Thread 0x000001adc5562760 Exception <a 'java/lang/NoSuchMethodError'{0x0000000712850d28}: 'java.lang.Object java.lang.invoke.DirectMethodHandle$Holder.invokeStaticInit(java.lang.Object)'> (0x0000000712850d28) 
thrown [s\open\src\hotspot\share\interpreter\linkResolver.cpp, line 805]
Event: 0.202 Thread 0x000001adc5562760 Exception <a 'java/lang/NoSuchMethodError'{0x000000071285d740}: 'void java.lang.invoke.DirectMethodHandle$Holder.invokeStatic(java.lang.Object, java.lang.Object)'> (0x000000071285d740) 
thrown [s\open\src\hotspot\share\interpreter\linkResolver.cpp, line 805]
Event: 0.308 Thread 0x000001ade2fb3c70 Exception <a 'java/lang/NoSuchMethodError'{0x00000007124acc30}: 'java.lang.Object java.lang.invoke.DirectMethodHandle$Holder.invokeStatic(java.lang.Object, int, java.lang.Object)'> (0x00000007124acc30) 
thrown [s\open\src\hotspot\share\interpreter\linkResolver.cpp, line 805]
Event: 0.338 Thread 0x000001ade2fb3c70 Exception <a 'java/lang/NoSuchMethodError'{0x000000071256fb00}: 'void java.lang.invoke.DirectMethodHandle$Holder.invokeStaticInit(java.lang.Object)'> (0x000000071256fb00) 
thrown [s\open\src\hotspot\share\interpreter\linkResolver.cpp, line 805]
Event: 0.358 Thread 0x000001ade2fb3c70 Exception <a 'java/lang/NoSuchMethodError'{0x0000000712224208}: 'void java.lang.invoke.DirectMethodHandle$Holder.invokeSpecial(java.lang.Object, java.lang.Object, java.lang.Object)'> (0x0000000712224208) 
thrown [s\open\src\hotspot\share\interpreter\linkResolver.cpp, line 805]
Event: 0.373 Thread 0x000001ade2fb3c70 Exception <a 'java/lang/NoSuchMethodError'{0x000000071229eee8}: 'java.lang.Object java.lang.invoke.DirectMethodHandle$Holder.newInvokeSpecial(java.lang.Object, java.lang.Object, java.lang.Object, java.lang.Object, java.lang.Object)'> (0x000000071229eee8) 
thrown [s\open\src\hotspot\share\interpreter\linkResolver.cpp, line 805]
Event: 0.424 Thread 0x000001ade2fb3c70 Exception <a 'java/lang/NoSuchMethodError'{0x0000000712055910}: 'long java.lang.invoke.DirectMethodHandle$Holder.invokeVirtual(java.lang.Object, java.lang.Object)'> (0x0000000712055910) 
thrown [s\open\src\hotspot\share\interpreter\linkResolver.cpp, line 805]
Event: 0.480 Thread 0x000001ade2fb3c70 Exception <a 'java/lang/NoSuchMethodError'{0x0000000711ecaf08}: 'int java.lang.invoke.DirectMethodHandle$Holder.invokeSpecial(java.lang.Object, java.lang.Object, java.lang.Object)'> (0x0000000711ecaf08) 
thrown [s\open\src\hotspot\share\interpreter\linkResolver.cpp, line 805]
Event: 0.540 Thread 0x000001ade2fb3c70 Exception <a 'java/lang/NoSuchMethodError'{0x0000000711cac800}: 'void java.lang.invoke.DirectMethodHandle$Holder.invokeSpecial(java.lang.Object, java.lang.Object, int)'> (0x0000000711cac800) 
thrown [s\open\src\hotspot\share\interpreter\linkResolver.cpp, line 805]
Event: 0.541 Thread 0x000001ade2fb3c70 Exception <a 'java/lang/NoSuchMethodError'{0x0000000711cb4440}: 'void java.lang.invoke.Invokers$Holder.invokeExact_MT(java.lang.Object, int, java.lang.Object)'> (0x0000000711cb4440) 
thrown [s\open\src\hotspot\share\interpreter\linkResolver.cpp, line 805]
Event: 0.543 Thread 0x000001ade2fb3c70 Exception <a 'java/lang/NoSuchMethodError'{0x0000000711cd04c0}: 'void java.lang.invoke.DirectMethodHandle$Holder.invokeStatic(java.lang.Object, java.lang.Object, int)'> (0x0000000711cd04c0) 
thrown [s\open\src\hotspot\share\interpreter\linkResolver.cpp, line 805]
Event: 0.544 Thread 0x000001ade2fb3c70 Exception <a 'java/lang/NoSuchMethodError'{0x0000000711cdfca0}: 'java.lang.Object java.lang.invoke.DirectMethodHandle$Holder.newInvokeSpecial(java.lang.Object, java.lang.Object, int)'> (0x0000000711cdfca0) 
thrown [s\open\src\hotspot\share\interpreter\linkResolver.cpp, line 805]
Event: 0.545 Thread 0x000001adcb26e3f0 Exception <a 'java/lang/NoSuchMethodError'{0x0000000711cf7f60}: 'long java.lang.invoke.DirectMethodHandle$Holder.invokeSpecial(java.lang.Object, java.lang.Object)'> (0x0000000711cf7f60) 
thrown [s\open\src\hotspot\share\interpreter\linkResolver.cpp, line 805]
Event: 0.550 Thread 0x000001ade2fb3c70 Exception <a 'sun/nio/fs/WindowsException'{0x0000000711a17cf8}> (0x0000000711a17cf8) 
thrown [s\open\src\hotspot\share\prims\jni.cpp, line 518]
Event: 0.553 Thread 0x000001ade2fb3c70 Exception <a 'sun/nio/fs/WindowsException'{0x0000000711a26400}> (0x0000000711a26400) 
thrown [s\open\src\hotspot\share\prims\jni.cpp, line 518]
Event: 0.557 Thread 0x000001ade2fb3c70 Exception <a 'sun/nio/fs/WindowsException'{0x0000000711a38cc8}> (0x0000000711a38cc8) 
thrown [s\open\src\hotspot\share\prims\jni.cpp, line 518]

VM Operations (8 events):
Event: 0.142 Executing VM operation: RedefineClasses
Event: 0.143 Executing VM operation: RedefineClasses done
Event: 0.366 Executing VM operation: HandshakeAllThreads (Deoptimize)
Event: 0.366 Executing VM operation: HandshakeAllThreads (Deoptimize) done
Event: 0.546 Executing VM operation: HandshakeAllThreads (Deoptimize)
Event: 0.546 Executing VM operation: HandshakeAllThreads (Deoptimize) done
Event: 0.590 Executing VM operation: JFRSafepointClear
Event: 0.590 Executing VM operation: JFRSafepointClear done

Memory protections (0 events):
No events

Nmethod flushes (0 events):
No events

Events (16 events):
Event: 0.029 Thread 0x000001ade2fb3c70 Thread added: 0x000001ade2fb3c70
Event: 0.040 Thread 0x000001ade2fb3c70 Thread added: 0x000001adc5126fa0
Event: 0.040 Thread 0x000001ade2fb3c70 Thread added: 0x000001adc51276e0
Event: 0.041 Thread 0x000001ade2fb3c70 Thread added: 0x000001adc5133310
Event: 0.041 Thread 0x000001ade2fb3c70 Thread added: 0x000001adc5134450
Event: 0.041 Thread 0x000001ade2fb3c70 Thread added: 0x000001adc51351a0
Event: 0.041 Thread 0x000001ade2fb3c70 Thread added: 0x000001adc513a030
Event: 0.041 Thread 0x000001ade2fb3c70 Thread added: 0x000001adc5144e10
Event: 0.041 Thread 0x000001ade2fb3c70 Thread added: 0x000001adc5150950
Event: 0.094 Thread 0x000001adc5150950 Thread added: 0x000001adc5306430
Event: 0.122 Thread 0x000001ade2fb3c70 Thread added: 0x000001adc53804e0
Event: 0.144 Thread 0x000001ade2fb3c70 Thread added: 0x000001adc54186d0
Event: 0.184 Thread 0x000001ade2fb3c70 Thread added: 0x000001adc5562760
Event: 0.286 Thread 0x000001adc5150950 Thread added: 0x000001adc59a41b0
Event: 0.334 Thread 0x000001ade2fb3c70 Thread added: 0x000001adca1a3160
Event: 0.545 Thread 0x000001ade2fb3c70 Thread added: 0x000001adcb26e3f0


Dynamic libraries:
0x00007ff631090000 - 0x00007ff63109e000 	C:\Users\adria\.jdks\openjdk-24.0.1\bin\java.exe
0x00007ffc9d760000 - 0x00007ffc9d9c6000 	C:\WINDOWS\SYSTEM32\ntdll.dll
0x00007ffc9cc00000 - 0x00007ffc9ccc9000 	C:\WINDOWS\System32\KERNEL32.DLL
0x00007ffc9b120000 - 0x00007ffc9b4ec000 	C:\WINDOWS\System32\KERNELBASE.dll
0x00007ffc9a8f0000 - 0x00007ffc9aa3b000 	C:\WINDOWS\System32\ucrtbase.dll
0x00007ffc93890000 - 0x00007ffc938a6000 	C:\Users\adria\.jdks\openjdk-24.0.1\bin\jli.dll
0x00007ffc8d390000 - 0x00007ffc8d3ab000 	C:\Users\adria\.jdks\openjdk-24.0.1\bin\VCRUNTIME140.dll
0x00007ffc9cee0000 - 0x00007ffc9d0aa000 	C:\WINDOWS\System32\USER32.dll
0x00007ffc84860000 - 0x00007ffc84afa000 	C:\WINDOWS\WinSxS\amd64_microsoft.windows.common-controls_6595b64144ccf1df_6.0.26100.3912_none_3e07963ce335137e\COMCTL32.dll
0x00007ffc9b4f0000 - 0x00007ffc9b517000 	C:\WINDOWS\System32\win32u.dll
0x00007ffc9b8b0000 - 0x00007ffc9b959000 	C:\WINDOWS\System32\msvcrt.dll
0x00007ffc9cd30000 - 0x00007ffc9cd5b000 	C:\WINDOWS\System32\GDI32.dll
0x00007ffc9aa40000 - 0x00007ffc9ab72000 	C:\WINDOWS\System32\gdi32full.dll
0x00007ffc9ac40000 - 0x00007ffc9ace3000 	C:\WINDOWS\System32\msvcp_win.dll
0x00007ffc9b960000 - 0x00007ffc9b990000 	C:\WINDOWS\System32\IMM32.DLL
0x00007ffc974a0000 - 0x00007ffc974ac000 	C:\Users\adria\.jdks\openjdk-24.0.1\bin\vcruntime140_1.dll
0x00007ffc888c0000 - 0x00007ffc8894e000 	C:\Users\adria\.jdks\openjdk-24.0.1\bin\msvcp140.dll
0x00007ffc22f40000 - 0x00007ffc23ce2000 	C:\Users\adria\.jdks\openjdk-24.0.1\bin\server\jvm.dll
0x00007ffc9c410000 - 0x00007ffc9c4c2000 	C:\WINDOWS\System32\ADVAPI32.dll
0x00007ffc9c270000 - 0x00007ffc9c316000 	C:\WINDOWS\System32\sechost.dll
0x00007ffc9b9a0000 - 0x00007ffc9bab6000 	C:\WINDOWS\System32\RPCRT4.dll
0x00007ffc9c160000 - 0x00007ffc9c1d4000 	C:\WINDOWS\System32\WS2_32.dll
0x00007ffc99520000 - 0x00007ffc9957e000 	C:\WINDOWS\SYSTEM32\POWRPROF.dll
0x00007ffc86a60000 - 0x00007ffc86a96000 	C:\WINDOWS\SYSTEM32\WINMM.dll
0x00007ffc92360000 - 0x00007ffc9236b000 	C:\WINDOWS\SYSTEM32\VERSION.dll
0x00007ffc99500000 - 0x00007ffc99514000 	C:\WINDOWS\SYSTEM32\UMPDC.dll
0x00007ffc997d0000 - 0x00007ffc997ea000 	C:\WINDOWS\SYSTEM32\kernel.appcore.dll
0x00007ffc95040000 - 0x00007ffc9504a000 	C:\Users\adria\.jdks\openjdk-24.0.1\bin\jimage.dll
0x00007ffc976c0000 - 0x00007ffc97901000 	C:\WINDOWS\SYSTEM32\DBGHELP.DLL
0x00007ffc9d0b0000 - 0x00007ffc9d434000 	C:\WINDOWS\System32\combase.dll
0x00007ffc9c320000 - 0x00007ffc9c400000 	C:\WINDOWS\System32\OLEAUT32.dll
0x00007ffc80220000 - 0x00007ffc80259000 	C:\WINDOWS\SYSTEM32\dbgcore.DLL
0x00007ffc9af00000 - 0x00007ffc9af99000 	C:\WINDOWS\System32\bcryptPrimitives.dll
0x00007ffc887e0000 - 0x00007ffc887ef000 	C:\Users\adria\.jdks\openjdk-24.0.1\bin\instrument.dll
0x00007ffc8d370000 - 0x00007ffc8d38e000 	C:\Users\adria\.jdks\openjdk-24.0.1\bin\java.dll
0x00007ffc9b680000 - 0x00007ffc9b81f000 	C:\WINDOWS\System32\ole32.dll
0x00007ffc9c4d0000 - 0x00007ffc9cbfd000 	C:\WINDOWS\System32\SHELL32.dll
0x00007ffc9afa0000 - 0x00007ffc9b114000 	C:\WINDOWS\System32\wintypes.dll
0x00007ffc45280000 - 0x00007ffc45478000 	C:\Users\adria\AppData\Local\Temp\idea_libasyncProfiler_dll_temp_folder\libasyncProfiler.dll
0x00007ffc88db0000 - 0x00007ffc88dc7000 	C:\Users\adria\.jdks\openjdk-24.0.1\bin\zip.dll
0x00007ffc98560000 - 0x00007ffc98db6000 	C:\WINDOWS\SYSTEM32\windows.storage.dll
0x00007ffc9cd60000 - 0x00007ffc9ce4f000 	C:\WINDOWS\System32\SHCORE.dll
0x00007ffc9ce60000 - 0x00007ffc9cec9000 	C:\WINDOWS\System32\shlwapi.dll
0x00007ffc9a800000 - 0x00007ffc9a82f000 	C:\WINDOWS\SYSTEM32\profapi.dll
0x00007ffc75550000 - 0x00007ffc75627000 	C:\Users\adria\.jdks\openjdk-24.0.1\bin\jsvml.dll
0x00007ffc938c0000 - 0x00007ffc938d0000 	C:\Users\adria\.jdks\openjdk-24.0.1\bin\net.dll
0x00007ffc99d40000 - 0x00007ffc99daa000 	C:\WINDOWS\system32\mswsock.dll
0x00007ffc8d150000 - 0x00007ffc8d166000 	C:\Users\adria\.jdks\openjdk-24.0.1\bin\nio.dll
0x00007ffc93880000 - 0x00007ffc93889000 	C:\Users\adria\.jdks\openjdk-24.0.1\bin\extnet.dll

JVMTI agents:
C:\Users\adria\AppData\Local\JetBrains\IntelliJIdea2025.1\captureAgent\debugger-agent.jar path:C:\Users\adria\.jdks\openjdk-24.0.1\bin\instrument.dll, loaded, initialized, instrumentlib options:file:///C:/Users/adria/AppData/Local/Temp/capture15622877820386750462.props
C:\Program Files (x86)\JetBrains\IntelliJ IDEA 2025.1.1.1\lib\idea_rt.jar path:C:\Users\adria\.jdks\openjdk-24.0.1\bin\instrument.dll, loaded, initialized, instrumentlib options:56423
C:\Users\adria\AppData\Local\Temp\idea_libasyncProfiler_dll_temp_folder\libasyncProfiler.dll path:C:\Users\adria\AppData\Local\Temp\idea_libasyncProfiler_dll_temp_folder\libasyncProfiler.dll, loaded, initialized, options:start,jfr,event=wall,interval=10ms,jfrsync=profile,cstack=no,file=C:\Users\adria\IdeaSnapshots\CamaDAOTest_2025_05_25_173323.jfr,dbghelppath=C:\Users\adria\AppData\Local\Temp\idea_dbghelp_dll_temp_folder\dbghelp.dll,log=C:\Users\adria\AppData\Local\Temp\CamaDAOTest_2025_05_25_173323.jfr.log.txt,logLevel=DEBUG

dbghelp: loaded successfully - version: 4.0.5 - missing functions: none
symbol engine: initialized successfully - sym options: 0x614 - pdb path: .;C:\Users\adria\.jdks\openjdk-24.0.1\bin;C:\WINDOWS\SYSTEM32;C:\WINDOWS\WinSxS\amd64_microsoft.windows.common-controls_6595b64144ccf1df_6.0.26100.3912_none_3e07963ce335137e;C:\Users\adria\.jdks\openjdk-24.0.1\bin\server;C:\Users\adria\AppData\Local\Temp\idea_libasyncProfiler_dll_temp_folder

VM Arguments:
jvm_args: -javaagent:C:\Users\adria\AppData\Local\JetBrains\IntelliJIdea2025.1\captureAgent\debugger-agent.jar=file:///C:/Users/adria/AppData/Local/Temp/capture15622877820386750462.props -ea -Didea.test.cyclic.buffer.size=1048576 -javaagent:C:\Program Files (x86)\JetBrains\IntelliJ IDEA 2025.1.1.1\lib\idea_rt.jar=56423 -Dkotlinx.coroutines.debug.enable.creation.stack.trace=false -Ddebugger.agent.enable.coroutines=true -Dkotlinx.coroutines.debug.enable.flows.stack.trace=true -Dkotlinx.coroutines.debug.enable.mutable.state.flows.stack.trace=true -agentpath:C:\Users\adria\AppData\Local\Temp\idea_libasyncProfiler_dll_temp_folder\libasyncProfiler.dll=start,jfr,event=wall,interval=10ms,jfrsync=profile,cstack=no,file=C:\Users\adria\IdeaSnapshots\CamaDAOTest_2025_05_25_173323.jfr,dbghelppath=C:\Users\adria\AppData\Local\Temp\idea_dbghelp_dll_temp_folder\dbghelp.dll,log=C:\Users\adria\AppData\Local\Temp\CamaDAOTest_2025_05_25_173323.jfr.log.txt,logLevel=DEBUG -Dfile.encoding=UTF-8 -Dsun.stdout.encoding=UTF-8 -Dsun.stderr.encoding=UTF-8 
java_command: com.intellij.rt.junit.JUnitStarter -ideVersion5 -junit5 DAOTests.CamaDAOTest
java_class_path (initial): C:\Users\adria\.m2\repository\org\junit\platform\junit-platform-launcher\1.9.3\junit-platform-launcher-1.9.3.jar;C:\Program Files (x86)\JetBrains\IntelliJ IDEA 2025.1.1.1\lib\idea_rt.jar;C:\Program Files (x86)\JetBrains\IntelliJ IDEA 2025.1.1.1\plugins\junit\lib\junit5-rt.jar;C:\Program Files (x86)\JetBrains\IntelliJ IDEA 2025.1.1.1\plugins\junit\lib\junit-rt.jar;C:\Users\adria\IdeaProjects\hospital_3\target\test-classes;C:\Users\adria\IdeaProjects\hospital_3\target\classes;C:\Users\adria\.m2\repository\com\mysql\mysql-connector-j\8.3.0\mysql-connector-j-8.3.0.jar;C:\Users\adria\.m2\repository\com\google\protobuf\protobuf-java\3.25.1\protobuf-java-3.25.1.jar;C:\Users\adria\.m2\repository\com\formdev\flatlaf\3.2\flatlaf-3.2.jar;C:\Users\adria\.m2\repository\com\formdev\flatlaf-intellij-themes\3.6\flatlaf-intellij-themes-3.6.jar;C:\Users\adria\.m2\repository\org\junit\jupiter\junit-jupiter\5.9.3\junit-jupiter-5.9.3.jar;C:\Users\adria\.m2\repository\org\junit\jupiter\junit-jupiter-api\5.9.3\junit-jupiter-api-5.9.3.jar;C:\Users\adria\.m2\repository\org\opentest4j\opentest4j\1.2.0\opentest4j-1.2.0.jar;C:\Users\adria\.m2\repository\org\junit\platform\junit-platform-commons\1.9.3\junit-platform-commons-1.9.3.jar;C:\Users\adria\.m2\repository\org\apiguardian\apiguardian-api\1.1.2\apiguardian-api-1.1.2.jar;C:\Users\adria\.m2\repository\org\junit\jupiter\junit-jupiter-params\5.9.3\junit-jupiter-params-5.9.3.jar;C:\Users\adria\.m2\repository\org\junit\jupiter\junit-jupiter-engine\5.9.3\junit-jupiter-engine-5.9.3.jar;C:\Users\adria\.m2\repository\org\junit\platform\junit-platform-engine\1.9.3\junit-platform-engine-1.9.3.jar;C:\Users\adria\.m2\repository\org\mindrot\jbcrypt\0.4\jbcrypt-0.4.jar;C:\Users\adria\.m2\repository\org\mockito\mockito-core\5.5.0\mockito-core-5.5.0.jar;C:\Users\adria\.m2\repository\net\bytebuddy\byte-buddy\1.14.6\byte-buddy-1.14.6.jar;C:\Users\adria\.m2\repository\net\bytebuddy\byte-buddy-agent\1.14.6\byte-buddy-agent-1.14.6.jar;C:\Users\adria\.m2\repository\org\objenesis\objenesis\3.3\objenesis-3.3.jar;C:\Users\adria\.m2\repository\org\mockito\mockito-junit-jupiter\5.5.0\mockito-junit-jupiter-5.5.0.jar
Launcher Type: SUN_STANDARD

[Global flags]
     intx CICompilerCount                          = 4                                         {product} {ergonomic}
     uint ConcGCThreads                            = 2                                         {product} {ergonomic}
     bool FlightRecorder                           = true                                      {product} {management}
     uint G1ConcRefinementThreads                  = 8                                         {product} {ergonomic}
   size_t G1HeapRegionSize                         = 2097152                                   {product} {ergonomic}
   size_t InitialHeapSize                          = 266338304                                 {product} {ergonomic}
   size_t MarkStackSize                            = 4194304                                   {product} {ergonomic}
   size_t MarkStackSizeMax                         = 536870912                                 {product} {ergonomic}
   size_t MaxHeapSize                              = 4242538496                                {product} {ergonomic}
   size_t MaxNewSize                               = 2543845376                                {product} {ergonomic}
   size_t MinHeapDeltaBytes                        = 2097152                                   {product} {ergonomic}
   size_t MinHeapSize                              = 8388608                                   {product} {ergonomic}
    uintx NonNMethodCodeHeapSize                   = 5832704                                {pd product} {ergonomic}
    uintx NonProfiledCodeHeapSize                  = 122945536                              {pd product} {ergonomic}
    uintx ProfiledCodeHeapSize                     = 122880000                              {pd product} {ergonomic}
    uintx ReservedCodeCacheSize                    = 251658240                              {pd product} {ergonomic}
     bool SegmentedCodeCache                       = true                                      {product} {ergonomic}
   size_t SoftMaxHeapSize                          = 4242538496                             {manageable} {ergonomic}
     bool UseCompressedOops                        = true                           {product lp64_product} {ergonomic}
     bool UseG1GC                                  = true                                      {product} {ergonomic}
     bool UseLargePagesIndividualAllocation        = false                                  {pd product} {ergonomic}

Logging:
Log output configuration:
 #0: stdout all=warning uptime,level,tags foldmultilines=false
 #1: stderr all=off uptime,level,tags foldmultilines=false

Environment Variables:
PATH=C:\WINDOWS\system32;C:\WINDOWS;C:\WINDOWS\System32\Wbem;C:\WINDOWS\System32\WindowsPowerShell\v1.0\;C:\WINDOWS\System32\OpenSSH\;C:\Program Files\MATLAB\R2024b\bin;C:\Program Files\dotnet\;C:\Program Files\Git\cmd;C:\Program Files\MySQL\MySQL Shell 8.0\bin\;C:\Users\adria\AppData\Local\Microsoft\WindowsApps;
USERNAME=adria
OS=Windows_NT
PROCESSOR_IDENTIFIER=Intel64 Family 6 Model 142 Stepping 12, GenuineIntel
TMP=C:\Users\adria\AppData\Local\Temp
TEMP=C:\Users\adria\AppData\Local\Temp




Periodic native trim disabled

---------------  S Y S T E M  ---------------

OS:
 Windows 11 , 64 bit Build 26100 (10.0.26100.3912)
OS uptime: 8 days 15:26 hours
Hyper-V role detected

CPU: total 8 (initial active 8) (4 cores per cpu, 2 threads per core) family 6 model 142 stepping 12 microcode 0xde, cx8, cmov, fxsr, ht, mmx, 3dnowpref, sse, sse2, sse3, ssse3, sse4.1, sse4.2, popcnt, lzcnt, tsc, tscinvbit, avx, avx2, aes, erms, clmul, bmi1, bmi2, adx, fma, vzeroupper, clflush, clflushopt, hv, rdtscp, f16c
Processor Information for the first 8 processors :
  Max Mhz: 2304, Current Mhz: 1803, Mhz Limit: 1797

Memory: 4k page, system-wide physical 16182M (6865M free)
TotalPageFile size 17206M (AvailPageFile size 6055M)
current process WorkingSet (physical memory assigned to process): 97M, peak: 97M
current process commit charge ("private bytes"): 399M, peak: 399M

vm_info: OpenJDK 64-Bit Server VM (24.0.1+9-30) for windows-amd64 JRE (24.0.1+9-30), built on 2025-03-05T07:23:45Z with MS VC++ 17.6 (VS2022)

END.
